<?xml version="1.0" encoding="UTF-8"?>
<testng-results ignored="0" total="2" passed="2" failed="0" skipped="0">
  <reporter-output>
  </reporter-output>
  <suite started-at="2021-07-01T15:36:42 IST" name="Default suite" finished-at="2021-07-01T15:36:42 IST" duration-ms="50">
    <groups>
      <group name="smoke">
        <method signature="Day2.test31()[pri:0, instance:test.Day2@7690781]" name="test31" class="test.Day2"/>
      </group> <!-- smoke -->
    </groups>
    <test started-at="2021-07-01T15:36:42 IST" name="Default test" finished-at="2021-07-01T15:36:42 IST" duration-ms="50">
      <class name="test.Day2">
        <test-method signature="test3()[pri:0, instance:test.Day2@7690781]" started-at="2021-07-01T15:36:42 IST" name="test3" finished-at="2021-07-01T15:36:42 IST" duration-ms="10" status="PASS">
          <reporter-output>
          </reporter-output>
        </test-method> <!-- test3 -->
        <test-method signature="test31()[pri:0, instance:test.Day2@7690781]" started-at="2021-07-01T15:36:42 IST" name="test31" finished-at="2021-07-01T15:36:42 IST" duration-ms="2" status="PASS">
          <reporter-output>
          </reporter-output>
        </test-method> <!-- test31 -->
      </class> <!-- test.Day2 -->
    </test> <!-- Default test -->
  </suite> <!-- Default suite -->
</testng-results>
