<?xml version="1.0" encoding="UTF-8"?>
<testng-results ignored="0" total="4" passed="4" failed="0" skipped="0">
  <reporter-output>
  </reporter-output>
  <suite started-at="2021-08-17T19:35:44Z" name="Suite" finished-at="2021-08-17T19:36:10Z" duration-ms="25476">
    <groups>
    </groups>
    <test started-at="2021-08-17T19:35:44Z" name="Test" finished-at="2021-08-17T19:36:10Z" duration-ms="25476">
      <class name="Automation.validateNavigationBar">
        <test-method is-config="true" signature="initialize()[pri:0, instance:Automation.validateNavigationBar@449a4f23]" started-at="2021-08-18T01:05:44Z" name="initialize" finished-at="2021-08-18T01:05:49Z" duration-ms="4538" status="PASS">
          <reporter-output>
          </reporter-output>
        </test-method> <!-- initialize -->
        <test-method is-config="true" signature="initialize()[pri:0, instance:Automation.validateTitle@1530c739]" started-at="2021-08-18T01:05:49Z" name="initialize" finished-at="2021-08-18T01:05:54Z" duration-ms="5036" status="PASS">
          <reporter-output>
          </reporter-output>
        </test-method> <!-- initialize -->
        <test-method signature="basePageNavigation()[pri:0, instance:Automation.validateNavigationBar@449a4f23]" started-at="2021-08-18T01:05:54Z" name="basePageNavigation" finished-at="2021-08-18T01:05:54Z" duration-ms="48" status="PASS">
          <reporter-output>
          </reporter-output>
        </test-method> <!-- basePageNavigation -->
      </class> <!-- Automation.validateNavigationBar -->
      <class name="Automation.HomePage">
        <test-method signature="basePageNavigation(java.lang.String, java.lang.String, java.lang.String)[pri:0, instance:Automation.HomePage@5b1669c0]" started-at="2021-08-18T01:05:54Z" name="basePageNavigation" data-provider="getData" finished-at="2021-08-18T01:05:59Z" duration-ms="4788" status="PASS">
          <params>
            <param index="0">
              <value>
                <![CDATA[adi@test.com]]>
              </value>
            </param>
            <param index="1">
              <value>
                <![CDATA[adi]]>
              </value>
            </param>
            <param index="2">
              <value>
                <![CDATA[Restricted User]]>
              </value>
            </param>
          </params>
          <reporter-output>
          </reporter-output>
        </test-method> <!-- basePageNavigation -->
        <test-method signature="basePageNavigation(java.lang.String, java.lang.String, java.lang.String)[pri:0, instance:Automation.HomePage@5b1669c0]" started-at="2021-08-18T01:05:59Z" name="basePageNavigation" data-provider="getData" finished-at="2021-08-18T01:06:06Z" duration-ms="7369" status="PASS">
          <params>
            <param index="0">
              <value>
                <![CDATA[aditya@test.com]]>
              </value>
            </param>
            <param index="1">
              <value>
                <![CDATA[aditya]]>
              </value>
            </param>
            <param index="2">
              <value>
                <![CDATA[Restricted User]]>
              </value>
            </param>
          </params>
          <reporter-output>
          </reporter-output>
        </test-method> <!-- basePageNavigation -->
        <test-method is-config="true" signature="teardown()[pri:0, instance:Automation.HomePage@5b1669c0]" started-at="2021-08-18T01:06:10Z" name="teardown" finished-at="2021-08-18T01:06:10Z" duration-ms="43" status="PASS">
          <reporter-output>
          </reporter-output>
        </test-method> <!-- teardown -->
        <test-method is-config="true" signature="teardown()[pri:0, instance:Automation.validateNavigationBar@449a4f23]" started-at="2021-08-18T01:06:10Z" name="teardown" finished-at="2021-08-18T01:06:10Z" duration-ms="67" status="PASS">
          <reporter-output>
          </reporter-output>
        </test-method> <!-- teardown -->
        <test-method is-config="true" signature="teardown()[pri:0, instance:Automation.validateTitle@1530c739]" started-at="2021-08-18T01:06:10Z" name="teardown" finished-at="2021-08-18T01:06:10Z" duration-ms="57" status="PASS">
          <reporter-output>
          </reporter-output>
        </test-method> <!-- teardown -->
      </class> <!-- Automation.HomePage -->
      <class name="Automation.validateTitle">
        <test-method signature="basePageNavigation()[pri:0, instance:Automation.validateTitle@1530c739]" started-at="2021-08-18T01:06:06Z" name="basePageNavigation" finished-at="2021-08-18T01:06:10Z" duration-ms="3516" status="PASS">
          <reporter-output>
          </reporter-output>
        </test-method> <!-- basePageNavigation -->
      </class> <!-- Automation.validateTitle -->
    </test> <!-- Test -->
  </suite> <!-- Suite -->
</testng-results>
