<?xml version="1.0" encoding="UTF-8"?>
<testng-results ignored="0" total="1" passed="1" failed="0" skipped="0">
  <reporter-output>
  </reporter-output>
  <suite started-at="2021-08-08T01:13:37 IST" name="Surefire suite" finished-at="2021-08-08T01:13:37 IST" duration-ms="62">
    <groups>
    </groups>
    <test started-at="2021-08-08T01:13:37 IST" name="Surefire test" finished-at="2021-08-08T01:13:37 IST" duration-ms="62">
      <class name="Automation.AppTest">
        <test-method signature="shouldAnswerWithTrue()" started-at="2021-08-08T01:13:37 IST" name="shouldAnswerWithTrue" finished-at="2021-08-08T01:13:37 IST" duration-ms="8" status="PASS">
          <reporter-output>
          </reporter-output>
        </test-method> <!-- shouldAnswerWithTrue -->
      </class> <!-- Automation.AppTest -->
    </test> <!-- Surefire test -->
  </suite> <!-- Surefire suite -->
</testng-results>
