<?xml version="1.0" encoding="UTF-8"?>
<!-- Generated by org.testng.reporters.JUnitXMLReporter -->
<testsuite ignored="0" hostname="LAPTOP-P1FTFLTV" failures="0" tests="4" name="Test" time="20.525" errors="0" timestamp="2021-08-18T00:33:31 IST">
  <testcase classname="Automation.validateNavigationBar" name="basePageNavigation" time="0.05"/>
  <testcase classname="Automation.HomePage" name="basePageNavigation" time="4.377"/>
  <testcase classname="Automation.HomePage" name="basePageNavigation" time="4.419"/>
  <testcase classname="Automation.validateTitle" name="basePageNavigation" time="3.356"/>
</testsuite> <!-- Test -->
