<?xml version="1.0" encoding="UTF-8"?>
<testng-results ignored="0" total="4" passed="4" failed="0" skipped="0">
  <reporter-output>
  </reporter-output>
  <suite started-at="2021-08-18T18:22:54Z" name="Suite" finished-at="2021-08-18T18:23:35Z" duration-ms="40659">
    <groups>
    </groups>
    <test started-at="2021-08-18T18:22:54Z" name="Test" finished-at="2021-08-18T18:23:35Z" duration-ms="40659">
      <class name="Automation.validateNavigationBar">
        <test-method is-config="true" signature="initialize()[pri:0, instance:Automation.validateNavigationBar@47a5b70d]" started-at="2021-08-18T23:52:54Z" name="initialize" finished-at="2021-08-18T23:53:09Z" duration-ms="14703" status="PASS">
          <reporter-output>
          </reporter-output>
        </test-method> <!-- initialize -->
        <test-method is-config="true" signature="initialize()[pri:0, instance:Automation.validateTitle@424fd310]" started-at="2021-08-18T23:53:09Z" name="initialize" finished-at="2021-08-18T23:53:16Z" duration-ms="6932" status="PASS">
          <reporter-output>
          </reporter-output>
        </test-method> <!-- initialize -->
        <test-method signature="basePageNavigation()[pri:0, instance:Automation.validateNavigationBar@47a5b70d]" started-at="2021-08-18T23:53:16Z" name="basePageNavigation" finished-at="2021-08-18T23:53:16Z" duration-ms="44" status="PASS">
          <reporter-output>
          </reporter-output>
        </test-method> <!-- basePageNavigation -->
      </class> <!-- Automation.validateNavigationBar -->
      <class name="Automation.HomePage">
        <test-method signature="basePageNavigation(java.lang.String, java.lang.String, java.lang.String)[pri:0, instance:Automation.HomePage@1a45193b]" started-at="2021-08-18T23:53:16Z" name="basePageNavigation" data-provider="getData" finished-at="2021-08-18T23:53:21Z" duration-ms="5782" status="PASS">
          <params>
            <param index="0">
              <value>
                <![CDATA[adi@test.com]]>
              </value>
            </param>
            <param index="1">
              <value>
                <![CDATA[adi]]>
              </value>
            </param>
            <param index="2">
              <value>
                <![CDATA[Restricted User]]>
              </value>
            </param>
          </params>
          <reporter-output>
          </reporter-output>
        </test-method> <!-- basePageNavigation -->
        <test-method signature="basePageNavigation(java.lang.String, java.lang.String, java.lang.String)[pri:0, instance:Automation.HomePage@1a45193b]" started-at="2021-08-18T23:53:21Z" name="basePageNavigation" data-provider="getData" finished-at="2021-08-18T23:53:27Z" duration-ms="5941" status="PASS">
          <params>
            <param index="0">
              <value>
                <![CDATA[aditya@test.com]]>
              </value>
            </param>
            <param index="1">
              <value>
                <![CDATA[aditya]]>
              </value>
            </param>
            <param index="2">
              <value>
                <![CDATA[Restricted User]]>
              </value>
            </param>
          </params>
          <reporter-output>
          </reporter-output>
        </test-method> <!-- basePageNavigation -->
        <test-method is-config="true" signature="teardown()[pri:0, instance:Automation.HomePage@1a45193b]" started-at="2021-08-18T23:53:34Z" name="teardown" finished-at="2021-08-18T23:53:35Z" duration-ms="45" status="PASS">
          <reporter-output>
          </reporter-output>
        </test-method> <!-- teardown -->
        <test-method is-config="true" signature="teardown()[pri:0, instance:Automation.validateNavigationBar@47a5b70d]" started-at="2021-08-18T23:53:35Z" name="teardown" finished-at="2021-08-18T23:53:35Z" duration-ms="65" status="PASS">
          <reporter-output>
          </reporter-output>
        </test-method> <!-- teardown -->
        <test-method is-config="true" signature="teardown()[pri:0, instance:Automation.validateTitle@424fd310]" started-at="2021-08-18T23:53:35Z" name="teardown" finished-at="2021-08-18T23:53:35Z" duration-ms="57" status="PASS">
          <reporter-output>
          </reporter-output>
        </test-method> <!-- teardown -->
      </class> <!-- Automation.HomePage -->
      <class name="Automation.validateTitle">
        <test-method signature="basePageNavigation()[pri:0, instance:Automation.validateTitle@424fd310]" started-at="2021-08-18T23:53:27Z" name="basePageNavigation" finished-at="2021-08-18T23:53:34Z" duration-ms="7077" status="PASS">
          <reporter-output>
          </reporter-output>
        </test-method> <!-- basePageNavigation -->
      </class> <!-- Automation.validateTitle -->
    </test> <!-- Test -->
  </suite> <!-- Suite -->
</testng-results>
