<?xml version="1.0" encoding="UTF-8"?>
<!-- Generated by org.testng.reporters.JUnitXMLReporter -->
<testsuite ignored="0" hostname="LAPTOP-P1FTFLTV" failures="0" tests="4" name="Test" time="23.748" errors="0" timestamp="2021-08-14T00:13:56 IST">
  <testcase classname="Automation.validateNavigationBar" name="basePageNavigation" time="6.151"/>
  <testcase classname="Automation.HomePage" name="basePageNavigation" time="6.268"/>
  <testcase classname="Automation.HomePage" name="basePageNavigation" time="4.397"/>
  <testcase classname="Automation.validateTitle" name="basePageNavigation" time="6.897"/>
</testsuite> <!-- Test -->
