<?xml version="1.0" encoding="UTF-8"?>
<!-- Generated by org.testng.reporters.JUnitXMLReporter -->
<testsuite ignored="0" hostname="LAPTOP-P1FTFLTV" failures="1" tests="1" name="Validating Title of the page" time="7.7" errors="0" timestamp="2021-08-20T23:10:26 IST">
  <testcase classname="Automation.validateTitle" name="basePageNavigation" time="3.333">
    <failure type="java.lang.AssertionError" message="expected [FEATURED COURSESS] but found [FEATURED COURSES]">
      <![CDATA[java.lang.AssertionError: expected [FEATURED COURSESS] but found [FEATURED COURSES]
at Automation.validateTitle.basePageNavigation(validateTitle.java:33)
at java.base/java.util.ArrayList.forEach(ArrayList.java:1511)
... Removed 33 stack frames]]>
    </failure>
  </testcase> <!-- basePageNavigation -->
</testsuite> <!-- Validating Title of the page -->
