<?xml version="1.0" encoding="UTF-8"?>
<!-- Generated by org.testng.reporters.JUnitXMLReporter -->
<testsuite ignored="0" hostname="LAPTOP-P1FTFLTV" failures="0" tests="7" name="Surefire test" time="0.04" errors="0" timestamp="07 Jul 2021 11:55:46 GMT">
  <testcase classname="qaclickacademy.Mavenjava.AppTest" name="shouldAnswerWithTrue on shouldAnswerWithTrue(qaclickacademy.Mavenjava.AppTest)" time="0.005"/>
  <testcase classname="qaclickacademy.Mavenjava.AppumTest" name="IOSApp on IOSApp(qaclickacademy.Mavenjava.AppumTest)" time="0.001"/>
  <testcase classname="qaclickacademy.Mavenjava.AppumTest" name="NativeAppAndriod on NativeAppAndriod(qaclickacademy.Mavenjava.AppumTest)" time="0.001"/>
  <testcase classname="qaclickacademy.Mavenjava.RestAPITest" name="deleteTwitter on deleteTwitter(qaclickacademy.Mavenjava.RestAPITest)" time="0.001"/>
  <testcase classname="qaclickacademy.Mavenjava.RestAPITest" name="postJira on postJira(qaclickacademy.Mavenjava.RestAPITest)" time="0.001"/>
  <testcase classname="qaclickacademy.Mavenjava.SeleniumTest" name="elementUI on elementUI(qaclickacademy.Mavenjava.SeleniumTest)" time="0.0"/>
  <testcase classname="qaclickacademy.Mavenjava.SeleniumTest" name="BrowserAutomation on BrowserAutomation(qaclickacademy.Mavenjava.SeleniumTest)" time="0.001"/>
</testsuite> <!-- Surefire test -->
