<?xml version="1.0" encoding="UTF-8"?>
<testng-results ignored="0" total="4" passed="4" failed="0" skipped="0">
  <reporter-output>
  </reporter-output>
  <suite started-at="2021-08-19T15:34:14 IST" name="Suite" finished-at="2021-08-19T15:34:33 IST" duration-ms="18696">
    <groups>
    </groups>
    <test started-at="2021-08-19T15:34:14 IST" name="AppTest" finished-at="2021-08-19T15:34:14 IST" duration-ms="7">
    </test> <!-- AppTest -->
    <test started-at="2021-08-19T15:34:14 IST" name="Validating UserLogin" finished-at="2021-08-19T15:34:27 IST" duration-ms="12770">
      <class name="Automation.HomePage">
        <test-method signature="basePageNavigation(java.lang.String,java.lang.String,java.lang.String)[pri:0, instance:Automation.HomePage@1ae67cad]" started-at="2021-08-19T15:34:14 IST" name="basePageNavigation" data-provider="getData" finished-at="2021-08-19T15:34:22 IST" duration-ms="7152" status="PASS">
          <params>
            <param index="0">
              <value>
                <![CDATA[adi@test.com]]>
              </value>
            </param>
            <param index="1">
              <value>
                <![CDATA[adi]]>
              </value>
            </param>
            <param index="2">
              <value>
                <![CDATA[Restricted User]]>
              </value>
            </param>
          </params>
          <reporter-output>
          </reporter-output>
        </test-method> <!-- basePageNavigation -->
        <test-method signature="basePageNavigation(java.lang.String,java.lang.String,java.lang.String)[pri:0, instance:Automation.HomePage@1ae67cad]" started-at="2021-08-19T15:34:22 IST" name="basePageNavigation" data-provider="getData" finished-at="2021-08-19T15:34:27 IST" duration-ms="5535" status="PASS">
          <params>
            <param index="0">
              <value>
                <![CDATA[aditya@test.com]]>
              </value>
            </param>
            <param index="1">
              <value>
                <![CDATA[aditya]]>
              </value>
            </param>
            <param index="2">
              <value>
                <![CDATA[Restricted User]]>
              </value>
            </param>
          </params>
          <reporter-output>
          </reporter-output>
        </test-method> <!-- basePageNavigation -->
        <test-method is-config="true" signature="teardown()[pri:0, instance:Automation.HomePage@1ae67cad]" started-at="2021-08-19T15:34:27 IST" name="teardown" finished-at="2021-08-19T15:34:27 IST" duration-ms="45" status="PASS">
          <reporter-output>
          </reporter-output>
        </test-method> <!-- teardown -->
      </class> <!-- Automation.HomePage -->
    </test> <!-- Validating UserLogin -->
    <test started-at="2021-08-19T15:34:14 IST" name="Validating Navigation Bar" finished-at="2021-08-19T15:34:30 IST" duration-ms="15411">
      <class name="Automation.validateNavigationBar">
        <test-method is-config="true" signature="initialize()[pri:0, instance:Automation.validateNavigationBar@18b0930f]" started-at="2021-08-19T15:34:14 IST" name="initialize" finished-at="2021-08-19T15:34:30 IST" duration-ms="15267" status="PASS">
          <reporter-output>
          </reporter-output>
        </test-method> <!-- initialize -->
        <test-method signature="basePageNavigation()[pri:0, instance:Automation.validateNavigationBar@18b0930f]" started-at="2021-08-19T15:34:30 IST" name="basePageNavigation" finished-at="2021-08-19T15:34:30 IST" duration-ms="85" status="PASS">
          <reporter-output>
          </reporter-output>
        </test-method> <!-- basePageNavigation -->
        <test-method is-config="true" signature="teardown()[pri:0, instance:Automation.validateNavigationBar@18b0930f]" started-at="2021-08-19T15:34:30 IST" name="teardown" finished-at="2021-08-19T15:34:30 IST" duration-ms="55" status="PASS">
          <reporter-output>
          </reporter-output>
        </test-method> <!-- teardown -->
      </class> <!-- Automation.validateNavigationBar -->
    </test> <!-- Validating Navigation Bar -->
    <test started-at="2021-08-19T15:34:14 IST" name="Validating Title of the page" finished-at="2021-08-19T15:34:33 IST" duration-ms="18696">
      <class name="Automation.validateTitle">
        <test-method is-config="true" signature="initialize()[pri:0, instance:Automation.validateTitle@765f05af]" started-at="2021-08-19T15:34:14 IST" name="initialize" finished-at="2021-08-19T15:34:28 IST" duration-ms="13371" status="PASS">
          <reporter-output>
          </reporter-output>
        </test-method> <!-- initialize -->
        <test-method signature="basePageNavigation()[pri:0, instance:Automation.validateTitle@765f05af]" started-at="2021-08-19T15:34:28 IST" name="basePageNavigation" finished-at="2021-08-19T15:34:33 IST" duration-ms="5266" status="PASS">
          <reporter-output>
          </reporter-output>
        </test-method> <!-- basePageNavigation -->
        <test-method is-config="true" signature="teardown()[pri:0, instance:Automation.validateTitle@765f05af]" started-at="2021-08-19T15:34:33 IST" name="teardown" finished-at="2021-08-19T15:34:33 IST" duration-ms="54" status="PASS">
          <reporter-output>
          </reporter-output>
        </test-method> <!-- teardown -->
      </class> <!-- Automation.validateTitle -->
    </test> <!-- Validating Title of the page -->
  </suite> <!-- Suite -->
</testng-results>
