<?xml version="1.0" encoding="UTF-8"?>
<testng-results ignored="0" total="1" passed="1" failed="0" skipped="0">
  <reporter-output>
  </reporter-output>
  <suite started-at="2021-08-13T23:26:59 IST" name="Default suite" finished-at="2021-08-13T23:27:05 IST" duration-ms="6100">
    <groups>
    </groups>
    <test started-at="2021-08-13T23:26:59 IST" name="Default test" finished-at="2021-08-13T23:27:05 IST" duration-ms="6100">
      <class name="Automation.validateNavigationBar">
        <test-method signature="basePageNavigation()[pri:0, instance:Automation.validateNavigationBar@3e84448c]" started-at="2021-08-13T23:26:59 IST" name="basePageNavigation" finished-at="2021-08-13T23:27:05 IST" duration-ms="6066" status="PASS">
          <reporter-output>
          </reporter-output>
        </test-method> <!-- basePageNavigation -->
      </class> <!-- Automation.validateNavigationBar -->
    </test> <!-- Default test -->
  </suite> <!-- Default suite -->
</testng-results>
