<?xml version="1.0" encoding="UTF-8"?>
<testng-results ignored="0" total="2" passed="2" failed="0" skipped="0">
  <reporter-output>
  </reporter-output>
  <suite started-at="2021-08-18T01:09:23 IST" name="Default suite" finished-at="2021-08-18T01:09:33 IST" duration-ms="10454">
    <groups>
    </groups>
    <test started-at="2021-08-18T01:09:23 IST" name="Default test" finished-at="2021-08-18T01:09:33 IST" duration-ms="10454">
      <class name="Automation.HomePage">
        <test-method signature="basePageNavigation(java.lang.String,java.lang.String,java.lang.String)[pri:0, instance:Automation.HomePage@2ed2d9cb]" started-at="2021-08-18T01:09:23 IST" name="basePageNavigation" data-provider="getData" finished-at="2021-08-18T01:09:28 IST" duration-ms="5755" status="PASS">
          <params>
            <param index="0">
              <value>
                <![CDATA[adi@test.com]]>
              </value>
            </param>
            <param index="1">
              <value>
                <![CDATA[adi]]>
              </value>
            </param>
            <param index="2">
              <value>
                <![CDATA[Restricted User]]>
              </value>
            </param>
          </params>
          <reporter-output>
          </reporter-output>
        </test-method> <!-- basePageNavigation -->
        <test-method signature="basePageNavigation(java.lang.String,java.lang.String,java.lang.String)[pri:0, instance:Automation.HomePage@2ed2d9cb]" started-at="2021-08-18T01:09:28 IST" name="basePageNavigation" data-provider="getData" finished-at="2021-08-18T01:09:33 IST" duration-ms="4626" status="PASS">
          <params>
            <param index="0">
              <value>
                <![CDATA[aditya@test.com]]>
              </value>
            </param>
            <param index="1">
              <value>
                <![CDATA[aditya]]>
              </value>
            </param>
            <param index="2">
              <value>
                <![CDATA[Restricted User]]>
              </value>
            </param>
          </params>
          <reporter-output>
          </reporter-output>
        </test-method> <!-- basePageNavigation -->
        <test-method is-config="true" signature="teardown()[pri:0, instance:Automation.HomePage@2ed2d9cb]" started-at="2021-08-18T01:09:33 IST" name="teardown" finished-at="2021-08-18T01:09:33 IST" duration-ms="42" status="PASS">
          <reporter-output>
          </reporter-output>
        </test-method> <!-- teardown -->
      </class> <!-- Automation.HomePage -->
    </test> <!-- Default test -->
  </suite> <!-- Default suite -->
</testng-results>
