<?xml version="1.0" encoding="UTF-8"?>
<testng-results ignored="0" total="4" passed="4" failed="0" skipped="0">
  <reporter-output>
  </reporter-output>
  <suite started-at="2021-08-18T00:33:10 IST" name="Suite" finished-at="2021-08-18T00:33:31 IST" duration-ms="20525">
    <groups>
    </groups>
    <test started-at="2021-08-18T00:33:10 IST" name="Test" finished-at="2021-08-18T00:33:31 IST" duration-ms="20525">
      <class name="Automation.validateNavigationBar">
        <test-method is-config="true" signature="initialize()[pri:0, instance:Automation.validateNavigationBar@2805d709]" started-at="2021-08-18T00:33:10 IST" name="initialize" finished-at="2021-08-18T00:33:15 IST" duration-ms="4373" status="PASS">
          <reporter-output>
          </reporter-output>
        </test-method> <!-- initialize -->
        <test-method signature="basePageNavigation()[pri:0, instance:Automation.validateNavigationBar@2805d709]" started-at="2021-08-18T00:33:18 IST" name="basePageNavigation" finished-at="2021-08-18T00:33:19 IST" duration-ms="50" status="PASS">
          <reporter-output>
          </reporter-output>
        </test-method> <!-- basePageNavigation -->
        <test-method is-config="true" signature="teardown()[pri:0, instance:Automation.validateNavigationBar@2805d709]" started-at="2021-08-18T00:33:31 IST" name="teardown" finished-at="2021-08-18T00:33:31 IST" duration-ms="55" status="PASS">
          <reporter-output>
          </reporter-output>
        </test-method> <!-- teardown -->
      </class> <!-- Automation.validateNavigationBar -->
      <class name="Automation.HomePage">
        <test-method signature="basePageNavigation(java.lang.String,java.lang.String,java.lang.String)[pri:0, instance:Automation.HomePage@ffaa6af]" started-at="2021-08-18T00:33:19 IST" name="basePageNavigation" data-provider="getData" finished-at="2021-08-18T00:33:23 IST" duration-ms="4377" status="PASS">
          <params>
            <param index="0">
              <value>
                <![CDATA[adi@test.com]]>
              </value>
            </param>
            <param index="1">
              <value>
                <![CDATA[adi]]>
              </value>
            </param>
            <param index="2">
              <value>
                <![CDATA[Restricted User]]>
              </value>
            </param>
          </params>
          <reporter-output>
          </reporter-output>
        </test-method> <!-- basePageNavigation -->
        <test-method signature="basePageNavigation(java.lang.String,java.lang.String,java.lang.String)[pri:0, instance:Automation.HomePage@ffaa6af]" started-at="2021-08-18T00:33:23 IST" name="basePageNavigation" data-provider="getData" finished-at="2021-08-18T00:33:27 IST" duration-ms="4419" status="PASS">
          <params>
            <param index="0">
              <value>
                <![CDATA[aditya@test.com]]>
              </value>
            </param>
            <param index="1">
              <value>
                <![CDATA[aditya]]>
              </value>
            </param>
            <param index="2">
              <value>
                <![CDATA[Restricted User]]>
              </value>
            </param>
          </params>
          <reporter-output>
          </reporter-output>
        </test-method> <!-- basePageNavigation -->
        <test-method is-config="true" signature="teardown()[pri:0, instance:Automation.HomePage@ffaa6af]" started-at="2021-08-18T00:33:31 IST" name="teardown" finished-at="2021-08-18T00:33:31 IST" duration-ms="40" status="PASS">
          <reporter-output>
          </reporter-output>
        </test-method> <!-- teardown -->
      </class> <!-- Automation.HomePage -->
      <class name="Automation.validateTitle">
        <test-method is-config="true" signature="initialize()[pri:0, instance:Automation.validateTitle@53ce1329]" started-at="2021-08-18T00:33:15 IST" name="initialize" finished-at="2021-08-18T00:33:18 IST" duration-ms="3764" status="PASS">
          <reporter-output>
          </reporter-output>
        </test-method> <!-- initialize -->
        <test-method signature="basePageNavigation()[pri:0, instance:Automation.validateTitle@53ce1329]" started-at="2021-08-18T00:33:27 IST" name="basePageNavigation" finished-at="2021-08-18T00:33:31 IST" duration-ms="3356" status="PASS">
          <reporter-output>
          </reporter-output>
        </test-method> <!-- basePageNavigation -->
        <test-method is-config="true" signature="teardown()[pri:0, instance:Automation.validateTitle@53ce1329]" started-at="2021-08-18T00:33:31 IST" name="teardown" finished-at="2021-08-18T00:33:31 IST" duration-ms="62" status="PASS">
          <reporter-output>
          </reporter-output>
        </test-method> <!-- teardown -->
      </class> <!-- Automation.validateTitle -->
    </test> <!-- Test -->
  </suite> <!-- Suite -->
</testng-results>
