<?xml version="1.0" encoding="UTF-8"?>
<testng-results ignored="0" total="4" passed="4" failed="0" skipped="0">
  <reporter-output>
  </reporter-output>
  <suite started-at="2021-08-19T15:29:18 IST" name="Suite" finished-at="2021-08-19T15:30:01 IST" duration-ms="42434">
    <groups>
    </groups>
    <test started-at="2021-08-19T15:29:18 IST" name="Validating Navigation Bar" finished-at="2021-08-19T15:29:27 IST" duration-ms="9068">
      <class name="Automation.validateNavigationBar">
        <test-method is-config="true" signature="initialize()[pri:0, instance:Automation.validateNavigationBar@18b0930f]" started-at="2021-08-19T15:29:18 IST" name="initialize" finished-at="2021-08-19T15:29:27 IST" duration-ms="8950" status="PASS">
          <reporter-output>
          </reporter-output>
        </test-method> <!-- initialize -->
        <test-method signature="basePageNavigation()[pri:0, instance:Automation.validateNavigationBar@18b0930f]" started-at="2021-08-19T15:29:27 IST" name="basePageNavigation" finished-at="2021-08-19T15:29:27 IST" duration-ms="47" status="PASS">
          <reporter-output>
          </reporter-output>
        </test-method> <!-- basePageNavigation -->
        <test-method is-config="true" signature="teardown()[pri:0, instance:Automation.validateNavigationBar@18b0930f]" started-at="2021-08-19T15:29:27 IST" name="teardown" finished-at="2021-08-19T15:29:27 IST" duration-ms="49" status="PASS">
          <reporter-output>
          </reporter-output>
        </test-method> <!-- teardown -->
      </class> <!-- Automation.validateNavigationBar -->
    </test> <!-- Validating Navigation Bar -->
    <test started-at="2021-08-19T15:29:27 IST" name="AppTest" finished-at="2021-08-19T15:29:27 IST" duration-ms="1">
    </test> <!-- AppTest -->
    <test started-at="2021-08-19T15:29:27 IST" name="Validating UserLogin" finished-at="2021-08-19T15:29:46 IST" duration-ms="18454">
      <class name="Automation.HomePage">
        <test-method signature="basePageNavigation(java.lang.String,java.lang.String,java.lang.String)[pri:0, instance:Automation.HomePage@1ae67cad]" started-at="2021-08-19T15:29:27 IST" name="basePageNavigation" data-provider="getData" finished-at="2021-08-19T15:29:36 IST" duration-ms="8534" status="PASS">
          <params>
            <param index="0">
              <value>
                <![CDATA[adi@test.com]]>
              </value>
            </param>
            <param index="1">
              <value>
                <![CDATA[adi]]>
              </value>
            </param>
            <param index="2">
              <value>
                <![CDATA[Restricted User]]>
              </value>
            </param>
          </params>
          <reporter-output>
          </reporter-output>
        </test-method> <!-- basePageNavigation -->
        <test-method signature="basePageNavigation(java.lang.String,java.lang.String,java.lang.String)[pri:0, instance:Automation.HomePage@1ae67cad]" started-at="2021-08-19T15:29:36 IST" name="basePageNavigation" data-provider="getData" finished-at="2021-08-19T15:29:46 IST" duration-ms="9876" status="PASS">
          <params>
            <param index="0">
              <value>
                <![CDATA[aditya@test.com]]>
              </value>
            </param>
            <param index="1">
              <value>
                <![CDATA[aditya]]>
              </value>
            </param>
            <param index="2">
              <value>
                <![CDATA[Restricted User]]>
              </value>
            </param>
          </params>
          <reporter-output>
          </reporter-output>
        </test-method> <!-- basePageNavigation -->
        <test-method is-config="true" signature="teardown()[pri:0, instance:Automation.HomePage@1ae67cad]" started-at="2021-08-19T15:29:46 IST" name="teardown" finished-at="2021-08-19T15:29:46 IST" duration-ms="38" status="PASS">
          <reporter-output>
          </reporter-output>
        </test-method> <!-- teardown -->
      </class> <!-- Automation.HomePage -->
    </test> <!-- Validating UserLogin -->
    <test started-at="2021-08-19T15:29:46 IST" name="Validating Title of the page" finished-at="2021-08-19T15:30:01 IST" duration-ms="14878">
      <class name="Automation.validateTitle">
        <test-method is-config="true" signature="initialize()[pri:0, instance:Automation.validateTitle@765f05af]" started-at="2021-08-19T15:29:46 IST" name="initialize" finished-at="2021-08-19T15:29:55 IST" duration-ms="9004" status="PASS">
          <reporter-output>
          </reporter-output>
        </test-method> <!-- initialize -->
        <test-method signature="basePageNavigation()[pri:0, instance:Automation.validateTitle@765f05af]" started-at="2021-08-19T15:29:55 IST" name="basePageNavigation" finished-at="2021-08-19T15:30:01 IST" duration-ms="5827" status="PASS">
          <reporter-output>
          </reporter-output>
        </test-method> <!-- basePageNavigation -->
        <test-method is-config="true" signature="teardown()[pri:0, instance:Automation.validateTitle@765f05af]" started-at="2021-08-19T15:30:01 IST" name="teardown" finished-at="2021-08-19T15:30:01 IST" duration-ms="46" status="PASS">
          <reporter-output>
          </reporter-output>
        </test-method> <!-- teardown -->
      </class> <!-- Automation.validateTitle -->
    </test> <!-- Validating Title of the page -->
  </suite> <!-- Suite -->
</testng-results>
