<?xml version="1.0" encoding="UTF-8"?>
<testng-results ignored="0" total="4" passed="4" failed="0" skipped="0">
  <reporter-output>
  </reporter-output>
  <suite started-at="2021-08-14T00:13:32 IST" name="Suite" finished-at="2021-08-14T00:13:56 IST" duration-ms="23748">
    <groups>
    </groups>
    <test started-at="2021-08-14T00:13:32 IST" name="Test" finished-at="2021-08-14T00:13:56 IST" duration-ms="23748">
      <class name="Automation.validateNavigationBar">
        <test-method signature="basePageNavigation()[pri:0, instance:Automation.validateNavigationBar@383bfa16]" started-at="2021-08-14T00:13:32 IST" name="basePageNavigation" finished-at="2021-08-14T00:13:38 IST" duration-ms="6151" status="PASS">
          <reporter-output>
          </reporter-output>
        </test-method> <!-- basePageNavigation -->
      </class> <!-- Automation.validateNavigationBar -->
      <class name="Automation.HomePage">
        <test-method signature="basePageNavigation(java.lang.String,java.lang.String,java.lang.String)[pri:0, instance:Automation.HomePage@5acf93bb]" started-at="2021-08-14T00:13:38 IST" name="basePageNavigation" data-provider="getData" finished-at="2021-08-14T00:13:44 IST" duration-ms="6268" status="PASS">
          <params>
            <param index="0">
              <value>
                <![CDATA[adi@test.com]]>
              </value>
            </param>
            <param index="1">
              <value>
                <![CDATA[adi]]>
              </value>
            </param>
            <param index="2">
              <value>
                <![CDATA[Restricted User]]>
              </value>
            </param>
          </params>
          <reporter-output>
          </reporter-output>
        </test-method> <!-- basePageNavigation -->
        <test-method signature="basePageNavigation(java.lang.String,java.lang.String,java.lang.String)[pri:0, instance:Automation.HomePage@5acf93bb]" started-at="2021-08-14T00:13:44 IST" name="basePageNavigation" data-provider="getData" finished-at="2021-08-14T00:13:49 IST" duration-ms="4397" status="PASS">
          <params>
            <param index="0">
              <value>
                <![CDATA[aditya@test.com]]>
              </value>
            </param>
            <param index="1">
              <value>
                <![CDATA[aditya]]>
              </value>
            </param>
            <param index="2">
              <value>
                <![CDATA[Restricted User]]>
              </value>
            </param>
          </params>
          <reporter-output>
          </reporter-output>
        </test-method> <!-- basePageNavigation -->
      </class> <!-- Automation.HomePage -->
      <class name="Automation.validateTitle">
        <test-method signature="basePageNavigation()[pri:0, instance:Automation.validateTitle@7e7be63f]" started-at="2021-08-14T00:13:49 IST" name="basePageNavigation" finished-at="2021-08-14T00:13:56 IST" duration-ms="6897" status="PASS">
          <reporter-output>
          </reporter-output>
        </test-method> <!-- basePageNavigation -->
      </class> <!-- Automation.validateTitle -->
    </test> <!-- Test -->
  </suite> <!-- Suite -->
</testng-results>
