<?xml version="1.0" encoding="UTF-8"?>
<testng-results ignored="0" total="1" passed="1" failed="0" skipped="0">
  <reporter-output>
  </reporter-output>
  <suite started-at="2021-08-11T23:57:30 IST" name="Default suite" finished-at="2021-08-11T23:57:35 IST" duration-ms="4845">
    <groups>
    </groups>
    <test started-at="2021-08-11T23:57:30 IST" name="Default test" finished-at="2021-08-11T23:57:35 IST" duration-ms="4845">
      <class name="Automation.HomePage">
        <test-method signature="basePageNavigation()[pri:0, instance:Automation.HomePage@3e84448c]" started-at="2021-08-11T23:57:30 IST" name="basePageNavigation" finished-at="2021-08-11T23:57:35 IST" duration-ms="4818" status="PASS">
          <reporter-output>
          </reporter-output>
        </test-method> <!-- basePageNavigation -->
      </class> <!-- Automation.HomePage -->
    </test> <!-- Default test -->
  </suite> <!-- Default suite -->
</testng-results>
