<?xml version="1.0" encoding="UTF-8"?>
<testng-results ignored="0" total="2" passed="2" failed="0" skipped="0">
  <reporter-output>
  </reporter-output>
  <suite started-at="2021-08-12T17:50:05 IST" name="Default suite" finished-at="2021-08-12T17:50:28 IST" duration-ms="22957">
    <groups>
    </groups>
    <test started-at="2021-08-12T17:50:05 IST" name="Default test" finished-at="2021-08-12T17:50:28 IST" duration-ms="22957">
      <class name="Automation.HomePage">
        <test-method signature="basePageNavigation(java.lang.String,java.lang.String)[pri:0, instance:Automation.HomePage@662b4c69]" started-at="2021-08-12T17:50:05 IST" name="basePageNavigation" data-provider="getData" finished-at="2021-08-12T17:50:19 IST" duration-ms="13702" status="PASS">
          <params>
            <param index="0">
              <value>
                <![CDATA[adi@test.com]]>
              </value>
            </param>
            <param index="1">
              <value>
                <![CDATA[adi]]>
              </value>
            </param>
          </params>
          <reporter-output>
          </reporter-output>
        </test-method> <!-- basePageNavigation -->
        <test-method signature="basePageNavigation(java.lang.String,java.lang.String)[pri:0, instance:Automation.HomePage@662b4c69]" started-at="2021-08-12T17:50:19 IST" name="basePageNavigation" data-provider="getData" finished-at="2021-08-12T17:50:28 IST" duration-ms="9220" status="PASS">
          <params>
            <param index="0">
              <value>
                <![CDATA[aditya@test.com]]>
              </value>
            </param>
            <param index="1">
              <value>
                <![CDATA[aditya]]>
              </value>
            </param>
          </params>
          <reporter-output>
          </reporter-output>
        </test-method> <!-- basePageNavigation -->
      </class> <!-- Automation.HomePage -->
    </test> <!-- Default test -->
  </suite> <!-- Default suite -->
</testng-results>
