<?xml version="1.0" encoding="UTF-8"?>
<testng-results ignored="0" total="4" passed="3" failed="1" skipped="0">
  <reporter-output>
  </reporter-output>
  <suite started-at="2021-08-19T23:04:34 IST" name="Suite" finished-at="2021-08-19T23:04:56 IST" duration-ms="22320">
    <groups>
    </groups>
    <test started-at="2021-08-19T23:04:34 IST" name="AppTest" finished-at="2021-08-19T23:04:34 IST" duration-ms="7">
    </test> <!-- AppTest -->
    <test started-at="2021-08-19T23:04:34 IST" name="Validating Navigation Bar" finished-at="2021-08-19T23:04:41 IST" duration-ms="7638">
      <class name="Automation.validateNavigationBar">
        <test-method is-config="true" signature="initialize()[pri:0, instance:Automation.validateNavigationBar@395b56bb]" started-at="2021-08-19T23:04:34 IST" name="initialize" finished-at="2021-08-19T23:04:41 IST" duration-ms="7535" status="PASS">
          <reporter-output>
          </reporter-output>
        </test-method> <!-- initialize -->
        <test-method signature="basePageNavigation()[pri:0, instance:Automation.validateNavigationBar@395b56bb]" started-at="2021-08-19T23:04:41 IST" name="basePageNavigation" finished-at="2021-08-19T23:04:41 IST" duration-ms="46" status="PASS">
          <reporter-output>
          </reporter-output>
        </test-method> <!-- basePageNavigation -->
        <test-method is-config="true" signature="teardown()[pri:0, instance:Automation.validateNavigationBar@395b56bb]" started-at="2021-08-19T23:04:41 IST" name="teardown" finished-at="2021-08-19T23:04:41 IST" duration-ms="49" status="PASS">
          <reporter-output>
          </reporter-output>
        </test-method> <!-- teardown -->
      </class> <!-- Automation.validateNavigationBar -->
    </test> <!-- Validating Navigation Bar -->
    <test started-at="2021-08-19T23:04:34 IST" name="Validating Title of the page" finished-at="2021-08-19T23:04:46 IST" duration-ms="12583">
      <class name="Automation.validateTitle">
        <test-method is-config="true" signature="initialize()[pri:0, instance:Automation.validateTitle@13f17eb4]" started-at="2021-08-19T23:04:34 IST" name="initialize" finished-at="2021-08-19T23:04:41 IST" duration-ms="7828" status="PASS">
          <reporter-output>
          </reporter-output>
        </test-method> <!-- initialize -->
        <test-method signature="basePageNavigation()[pri:0, instance:Automation.validateTitle@13f17eb4]" started-at="2021-08-19T23:04:41 IST" name="basePageNavigation" finished-at="2021-08-19T23:04:46 IST" duration-ms="4691" status="PASS">
          <reporter-output>
          </reporter-output>
        </test-method> <!-- basePageNavigation -->
        <test-method is-config="true" signature="teardown()[pri:0, instance:Automation.validateTitle@13f17eb4]" started-at="2021-08-19T23:04:46 IST" name="teardown" finished-at="2021-08-19T23:04:46 IST" duration-ms="57" status="PASS">
          <reporter-output>
          </reporter-output>
        </test-method> <!-- teardown -->
      </class> <!-- Automation.validateTitle -->
    </test> <!-- Validating Title of the page -->
    <test started-at="2021-08-19T23:04:34 IST" name="Validating UserLogin" finished-at="2021-08-19T23:04:56 IST" duration-ms="22320">
      <class name="Automation.HomePage">
        <test-method signature="basePageNavigation(java.lang.String,java.lang.String,java.lang.String)[pri:0, instance:Automation.HomePage@31e4bb20]" started-at="2021-08-19T23:04:34 IST" name="basePageNavigation" data-provider="getData" finished-at="2021-08-19T23:04:51 IST" duration-ms="17424" status="FAIL">
          <params>
            <param index="0">
              <value>
                <![CDATA[adi@test.com]]>
              </value>
            </param>
            <param index="1">
              <value>
                <![CDATA[adi]]>
              </value>
            </param>
            <param index="2">
              <value>
                <![CDATA[Restricted User]]>
              </value>
            </param>
          </params>
          <exception class="org.openqa.selenium.ElementClickInterceptedException">
            <message>
              <![CDATA[element click intercepted: Element <span>...</span> is not clickable at point (1005, 15). Other element would receive the click: <div class="listbuilder-popup-content">...</div>
  (Session info: chrome=92.0.4515.131)
Build info: version: '3.6.0', revision: '6fbf3ec767', time: '2017-09-27T15:28:36.4Z'
System info: host: 'LAPTOP-P1FTFLTV', ip: '192.168.56.1', os.name: 'Windows 10', os.arch: 'amd64', os.version: '10.0', java.version: '15.0.2'
Driver info: org.openqa.selenium.chrome.ChromeDriver
Capabilities [{networkConnectionEnabled=false, chrome={chromedriverVersion=91.0.4472.19 (1bf021f248676a0b2ab3ee0561d83a59e424c23e-refs/branch-heads/4472@{#288}), userDataDir=C:\Users\ROG\AppData\Local\Temp\scoped_dir25168_1342789959}, timeouts={implicit=0, pageLoad=300000, script=30000}, pageLoadStrategy=normal, unhandledPromptBehavior=dismiss and notify, strictFileInteractability=false, platform=WINDOWS, proxy=Proxy(), goog:chromeOptions={debuggerAddress=localhost:61617}, acceptInsecureCerts=false, browserVersion=92.0.4515.131, browserName=chrome, javascriptEnabled=true, platformName=WINDOWS, setWindowRect=true, webauthn:extension:largeBlob=true, webauthn:virtualAuthenticators=true}]
Session ID: 6040e6b3de776d9fc5db6c2e5c4a5c7c]]>
            </message>
            <full-stacktrace>
              <![CDATA[org.openqa.selenium.ElementClickInterceptedException: element click intercepted: Element <span>...</span> is not clickable at point (1005, 15). Other element would receive the click: <div class="listbuilder-popup-content">...</div>
  (Session info: chrome=92.0.4515.131)
Build info: version: '3.6.0', revision: '6fbf3ec767', time: '2017-09-27T15:28:36.4Z'
System info: host: 'LAPTOP-P1FTFLTV', ip: '192.168.56.1', os.name: 'Windows 10', os.arch: 'amd64', os.version: '10.0', java.version: '15.0.2'
Driver info: org.openqa.selenium.chrome.ChromeDriver
Capabilities [{networkConnectionEnabled=false, chrome={chromedriverVersion=91.0.4472.19 (1bf021f248676a0b2ab3ee0561d83a59e424c23e-refs/branch-heads/4472@{#288}), userDataDir=C:\Users\ROG\AppData\Local\Temp\scoped_dir25168_1342789959}, timeouts={implicit=0, pageLoad=300000, script=30000}, pageLoadStrategy=normal, unhandledPromptBehavior=dismiss and notify, strictFileInteractability=false, platform=WINDOWS, proxy=Proxy(), goog:chromeOptions={debuggerAddress=localhost:61617}, acceptInsecureCerts=false, browserVersion=92.0.4515.131, browserName=chrome, javascriptEnabled=true, platformName=WINDOWS, setWindowRect=true, webauthn:extension:largeBlob=true, webauthn:virtualAuthenticators=true}]
Session ID: 6040e6b3de776d9fc5db6c2e5c4a5c7c
at java.base/jdk.internal.reflect.NativeConstructorAccessorImpl.newInstance0(Native Method)
at java.base/jdk.internal.reflect.NativeConstructorAccessorImpl.newInstance(NativeConstructorAccessorImpl.java:64)
at java.base/jdk.internal.reflect.DelegatingConstructorAccessorImpl.newInstance(DelegatingConstructorAccessorImpl.java:45)
at java.base/java.lang.reflect.Constructor.newInstanceWithCaller(Constructor.java:500)
at java.base/java.lang.reflect.Constructor.newInstance(Constructor.java:481)
at org.openqa.selenium.remote.http.W3CHttpResponseCodec.createException(W3CHttpResponseCodec.java:185)
at org.openqa.selenium.remote.http.W3CHttpResponseCodec.decode(W3CHttpResponseCodec.java:120)
at org.openqa.selenium.remote.http.W3CHttpResponseCodec.decode(W3CHttpResponseCodec.java:49)
at org.openqa.selenium.remote.HttpCommandExecutor.execute(HttpCommandExecutor.java:164)
at org.openqa.selenium.remote.service.DriverCommandExecutor.execute(DriverCommandExecutor.java:83)
at org.openqa.selenium.remote.RemoteWebDriver.execute(RemoteWebDriver.java:586)
at org.openqa.selenium.remote.RemoteWebElement.execute(RemoteWebElement.java:279)
at org.openqa.selenium.remote.RemoteWebElement.click(RemoteWebElement.java:83)
at Automation.HomePage.basePageNavigation(HomePage.java:27)
at java.base/jdk.internal.reflect.NativeMethodAccessorImpl.invoke0(Native Method)
at java.base/jdk.internal.reflect.NativeMethodAccessorImpl.invoke(NativeMethodAccessorImpl.java:64)
at java.base/jdk.internal.reflect.DelegatingMethodAccessorImpl.invoke(DelegatingMethodAccessorImpl.java:43)
at java.base/java.lang.reflect.Method.invoke(Method.java:564)
at org.testng.internal.MethodInvocationHelper.invokeMethod(MethodInvocationHelper.java:133)
at org.testng.internal.TestInvoker.invokeMethod(TestInvoker.java:598)
at org.testng.internal.TestInvoker.invokeTestMethod(TestInvoker.java:173)
at org.testng.internal.MethodRunner.runInSequence(MethodRunner.java:46)
at org.testng.internal.TestInvoker$MethodInvocationAgent.invoke(TestInvoker.java:824)
at org.testng.internal.TestInvoker.invokeTestMethods(TestInvoker.java:146)
at org.testng.internal.TestMethodWorker.invokeTestMethods(TestMethodWorker.java:146)
at org.testng.internal.TestMethodWorker.run(TestMethodWorker.java:128)
at java.base/java.util.ArrayList.forEach(ArrayList.java:1511)
at org.testng.TestRunner.privateRun(TestRunner.java:794)
at org.testng.TestRunner.run(TestRunner.java:596)
at org.testng.SuiteRunner.runTest(SuiteRunner.java:377)
at org.testng.SuiteRunner.access$000(SuiteRunner.java:28)
at org.testng.SuiteRunner$SuiteWorker.run(SuiteRunner.java:418)
at org.testng.internal.thread.ThreadUtil.lambda$execute$0(ThreadUtil.java:64)
at java.base/java.util.concurrent.FutureTask.run(FutureTask.java:264)
at java.base/java.util.concurrent.ThreadPoolExecutor.runWorker(ThreadPoolExecutor.java:1130)
at java.base/java.util.concurrent.ThreadPoolExecutor$Worker.run(ThreadPoolExecutor.java:630)
at java.base/java.lang.Thread.run(Thread.java:832)
]]>
            </full-stacktrace>
          </exception> <!-- org.openqa.selenium.ElementClickInterceptedException -->
          <reporter-output>
          </reporter-output>
        </test-method> <!-- basePageNavigation -->
        <test-method signature="basePageNavigation(java.lang.String,java.lang.String,java.lang.String)[pri:0, instance:Automation.HomePage@31e4bb20]" started-at="2021-08-19T23:04:51 IST" name="basePageNavigation" data-provider="getData" finished-at="2021-08-19T23:04:56 IST" duration-ms="4447" status="PASS">
          <params>
            <param index="0">
              <value>
                <![CDATA[aditya@test.com]]>
              </value>
            </param>
            <param index="1">
              <value>
                <![CDATA[aditya]]>
              </value>
            </param>
            <param index="2">
              <value>
                <![CDATA[Restricted User]]>
              </value>
            </param>
          </params>
          <reporter-output>
          </reporter-output>
        </test-method> <!-- basePageNavigation -->
        <test-method is-config="true" signature="teardown()[pri:0, instance:Automation.HomePage@31e4bb20]" started-at="2021-08-19T23:04:56 IST" name="teardown" finished-at="2021-08-19T23:04:56 IST" duration-ms="50" status="PASS">
          <reporter-output>
          </reporter-output>
        </test-method> <!-- teardown -->
      </class> <!-- Automation.HomePage -->
    </test> <!-- Validating UserLogin -->
  </suite> <!-- Suite -->
</testng-results>
