<?xml version="1.0" encoding="UTF-8"?>
<!-- Generated by org.testng.reporters.JUnitXMLReporter -->
<testsuite ignored="0" hostname="LAPTOP-P1FTFLTV" failures="0" tests="4" name="Test" time="25.476" errors="0" timestamp="17 Aug 2021 19:36:10 GMT">
  <testcase classname="Automation.validateNavigationBar" name="basePageNavigation" time="0.048"/>
  <testcase classname="Automation.HomePage" name="basePageNavigation" time="4.788"/>
  <testcase classname="Automation.HomePage" name="basePageNavigation" time="7.369"/>
  <testcase classname="Automation.validateTitle" name="basePageNavigation" time="3.516"/>
</testsuite> <!-- Test -->
