<?xml version="1.0" encoding="UTF-8"?>
<testng-results ignored="0" total="1" passed="1" failed="0" skipped="0">
  <reporter-output>
  </reporter-output>
  <suite started-at="2021-07-11T23:48:55 IST" name="Default suite" finished-at="2021-07-11T23:49:37 IST" duration-ms="41744">
    <groups>
    </groups>
    <test started-at="2021-07-11T23:48:55 IST" name="Default test" finished-at="2021-07-11T23:49:37 IST" duration-ms="41744">
      <class name="MavenExtendReport.ExtendReports.ExtendReportDemo">
        <test-method is-config="true" signature="config()[pri:0, instance:MavenExtendReport.ExtendReports.ExtendReportDemo@28f3b248]" started-at="2021-07-11T23:48:55 IST" name="config" finished-at="2021-07-11T23:48:55 IST" duration-ms="189" status="PASS">
          <reporter-output>
          </reporter-output>
        </test-method> <!-- config -->
        <test-method signature="initialDemo()[pri:0, instance:MavenExtendReport.ExtendReports.ExtendReportDemo@28f3b248]" started-at="2021-07-11T23:48:55 IST" name="initialDemo" finished-at="2021-07-11T23:49:37 IST" duration-ms="41534" status="PASS">
          <reporter-output>
          </reporter-output>
        </test-method> <!-- initialDemo -->
      </class> <!-- MavenExtendReport.ExtendReports.ExtendReportDemo -->
    </test> <!-- Default test -->
  </suite> <!-- Default suite -->
</testng-results>
