<?xml version="1.0" encoding="UTF-8"?>
<!-- Generated by org.testng.reporters.JUnitXMLReporter -->
<testsuite ignored="5" hostname="LAPTOP-P1FTFLTV" failures="0" tests="3" name="Test" time="0.045" errors="0" timestamp="2021-06-30T14:19:45 IST">
  <testcase classname="test.FirstTest" name="Demo" time="0.007"/>
  <testcase classname="test.Day2" name="test31" time="0.001"/>
  <testcase classname="test.Day3" name="Day5" time="0.002"/>
  <testcase classname="test.Day2" name="test3" time="0.0">
    <ignored/>
  </testcase> <!-- test3 -->
  <testcase classname="test.FirstTest" name="test2" time="0.0">
    <ignored/>
  </testcase> <!-- test2 -->
  <testcase classname="test.Day3" name="Day6" time="0.0">
    <ignored/>
  </testcase> <!-- Day6 -->
  <testcase classname="test.Day3" name="Day4" time="0.0">
    <ignored/>
  </testcase> <!-- Day4 -->
  <testcase classname="test.FirstTest" name="SecondTest" time="0.0">
    <ignored/>
  </testcase> <!-- SecondTest -->
</testsuite> <!-- Test -->
