<?xml version="1.0" encoding="UTF-8"?>
<!-- Generated by org.testng.reporters.JUnitXMLReporter -->
<testsuite ignored="0" hostname="LAPTOP-P1FTFLTV" failures="0" tests="4" name="Test" time="40.659" errors="0" timestamp="18 Aug 2021 18:23:35 GMT">
  <testcase classname="Automation.validateNavigationBar" name="basePageNavigation" time="0.044"/>
  <testcase classname="Automation.HomePage" name="basePageNavigation" time="5.782"/>
  <testcase classname="Automation.HomePage" name="basePageNavigation" time="5.941"/>
  <testcase classname="Automation.validateTitle" name="basePageNavigation" time="7.077"/>
</testsuite> <!-- Test -->
